app/build/intermediates/manifest_merge_blame_file/debug/manifest-merger-blame-debug-report.txt
1<?xml version="1.0" encoding="utf-8"?>
2<manifest xmlns:android="http://schemas.android.com/apk/res/android"
3    package="com.fgtit.access"
4    android:versionCode="11"
5    android:versionName="3.0" >
6
7    <uses-sdk
8        android:minSdkVersion="17"
8-->src/main/AndroidManifest.xml
9        android:targetSdkVersion="33" />
9-->src/main/AndroidManifest.xml
10
11    <uses-permission android:name="android.permission.INTERNET" />
11-->src/main/AndroidManifest.xml:7:5-67
11-->src/main/AndroidManifest.xml:7:22-64
12    <uses-permission android:name="android.permission.READ_PRIVILEGED_PHONE_STATE" />
12-->src/main/AndroidManifest.xml:8:5-9:47
12-->src/main/AndroidManifest.xml:8:22-83
13    <uses-permission android:name="android.permission.WRITE_EXTERNAL_STORAGE" />
13-->src/main/AndroidManifest.xml:10:5-81
13-->src/main/AndroidManifest.xml:10:22-78
14    <uses-permission android:name="android.permission.ACCESS_NETWORK_STATE" />
14-->src/main/AndroidManifest.xml:11:5-78
14-->src/main/AndroidManifest.xml:11:22-76
15    <uses-permission android:name="android.permission.CHANGE_NETWORK_STATE" />
15-->src/main/AndroidManifest.xml:12:5-79
15-->src/main/AndroidManifest.xml:12:22-76
16    <uses-permission android:name="android.permission.CHANGE_WIFI_MULTICAST_STATE" />
16-->src/main/AndroidManifest.xml:13:5-85
16-->src/main/AndroidManifest.xml:13:22-83
17    <uses-permission android:name="android.permission.CHANGE_WIFI_STATE" />
17-->src/main/AndroidManifest.xml:14:5-75
17-->src/main/AndroidManifest.xml:14:22-73
18    <uses-permission android:name="android.permission.ACCESS_WIFI_STATE" />
18-->src/main/AndroidManifest.xml:15:5-76
18-->src/main/AndroidManifest.xml:15:22-73
19    <uses-permission android:name="android.permission.WRITE_SETTINGS" />
19-->src/main/AndroidManifest.xml:16:5-17:47
19-->src/main/AndroidManifest.xml:16:22-70
20    <uses-permission android:name="android.permission.ACCESS_FINE_LOCATION" />
20-->src/main/AndroidManifest.xml:18:5-78
20-->src/main/AndroidManifest.xml:18:22-76
21    <uses-permission android:name="android.permission.ACCESS_COARSE_LOCATION" />
21-->src/main/AndroidManifest.xml:19:5-80
21-->src/main/AndroidManifest.xml:19:22-78
22    <uses-permission android:name="android.permission.SEND_SMS" />
22-->src/main/AndroidManifest.xml:20:5-67
22-->src/main/AndroidManifest.xml:20:22-64
23    <uses-permission android:name="android.permission.RECEIVE_SMS" />
23-->src/main/AndroidManifest.xml:21:5-70
23-->src/main/AndroidManifest.xml:21:22-67
24    <uses-permission android:name="android.permission.READ_PHONE_STATE" />
24-->src/main/AndroidManifest.xml:22:5-75
24-->src/main/AndroidManifest.xml:22:22-72
25    <uses-permission android:name="android.permission.MOUNT_UNMOUNT_FILESYSTEMS" />
25-->src/main/AndroidManifest.xml:23:5-24:47
25-->src/main/AndroidManifest.xml:23:22-81
26    <uses-permission android:name="android.permission.CAMERA" />
26-->src/main/AndroidManifest.xml:25:5-64
26-->src/main/AndroidManifest.xml:25:22-62
27    <uses-permission android:name="android.permission.VIBRATE" />
27-->src/main/AndroidManifest.xml:26:5-66
27-->src/main/AndroidManifest.xml:26:22-63
28    <uses-permission android:name="android.permission.FLASHLIGHT" />
28-->src/main/AndroidManifest.xml:27:5-69
28-->src/main/AndroidManifest.xml:27:22-66
29    <uses-permission android:name="android.permission.SET_WALLPAPER" />
29-->src/main/AndroidManifest.xml:28:5-71
29-->src/main/AndroidManifest.xml:28:22-69
30    <uses-permission android:name="android.permission.GET_ACCOUNTS" />
30-->src/main/AndroidManifest.xml:29:5-71
30-->src/main/AndroidManifest.xml:29:22-68
31    <uses-permission android:name="android.permission.USE_CREDENTIALS" />
31-->src/main/AndroidManifest.xml:30:5-74
31-->src/main/AndroidManifest.xml:30:22-71
32    <uses-permission android:name="android.permission.MANAGE_ACCOUNTS" />
32-->src/main/AndroidManifest.xml:31:5-74
32-->src/main/AndroidManifest.xml:31:22-71
33    <uses-permission android:name="android.permission.AUTHENTICATE_ACCOUNTS" />
33-->src/main/AndroidManifest.xml:32:5-80
33-->src/main/AndroidManifest.xml:32:22-77
34    <uses-permission android:name="com.android.launcher.permission.READ_SETTINGS" />
34-->src/main/AndroidManifest.xml:33:5-85
34-->src/main/AndroidManifest.xml:33:22-82
35    <uses-permission android:name="android.permission.BROADCAST_STICKY" />
35-->src/main/AndroidManifest.xml:34:5-75
35-->src/main/AndroidManifest.xml:34:22-72
36    <uses-permission android:name="android.permission.READ_LOGS" />
36-->src/main/AndroidManifest.xml:35:5-36:47
36-->src/main/AndroidManifest.xml:35:22-65
37    <uses-permission android:name="android.permission.WAKE_LOCK" />
37-->src/main/AndroidManifest.xml:37:5-68
37-->src/main/AndroidManifest.xml:37:22-65
38    <uses-permission android:name="android.permission.NFC" />
38-->src/main/AndroidManifest.xml:38:5-62
38-->src/main/AndroidManifest.xml:38:22-59
39
40    <uses-feature android:name="android.hardware.camera" />
40-->src/main/AndroidManifest.xml:41:5-60
40-->src/main/AndroidManifest.xml:41:19-57
41    <uses-feature android:name="android.hardware.camera.autofocus" />
41-->src/main/AndroidManifest.xml:42:5-70
41-->src/main/AndroidManifest.xml:42:19-67
42    <uses-feature
42-->src/main/AndroidManifest.xml:43:5-81
43        android:name="android.hardware.nfc"
43-->src/main/AndroidManifest.xml:43:19-54
44        android:required="true" />
44-->src/main/AndroidManifest.xml:43:55-78
45
46    <application
46-->src/main/AndroidManifest.xml:45:5-125:19
47        android:allowBackup="true"
47-->src/main/AndroidManifest.xml:46:9-35
48        android:debuggable="true"
49        android:icon="@drawable/ic_launcher"
49-->src/main/AndroidManifest.xml:47:9-45
50        android:label="@string/app_name"
50-->src/main/AndroidManifest.xml:48:9-41
51        android:testOnly="true"
52        android:theme="@style/Theme.Onepassaccess" >
52-->src/main/AndroidManifest.xml:49:9-51
53        <activity
53-->src/main/AndroidManifest.xml:52:9-60:20
54            android:name="com.fgtit.access.MainActivity"
54-->src/main/AndroidManifest.xml:53:13-57
55            android:exported="true"
55-->src/main/AndroidManifest.xml:55:13-36
56            android:label="@string/app_name" >
56-->src/main/AndroidManifest.xml:54:13-45
57            <intent-filter>
57-->src/main/AndroidManifest.xml:56:13-59:29
58                <action android:name="android.intent.action.MAIN" />
58-->src/main/AndroidManifest.xml:57:17-69
58-->src/main/AndroidManifest.xml:57:25-66
59
60                <category android:name="android.intent.category.LAUNCHER" />
60-->src/main/AndroidManifest.xml:58:17-77
60-->src/main/AndroidManifest.xml:58:27-74
61            </intent-filter>
62        </activity>
63        <activity
63-->src/main/AndroidManifest.xml:61:9-65:20
64            android:name="com.fgtit.access.LoginActivity"
64-->src/main/AndroidManifest.xml:62:13-58
65            android:label="@string/title_activity_login"
65-->src/main/AndroidManifest.xml:63:13-57
66            android:screenOrientation="portrait" >
66-->src/main/AndroidManifest.xml:64:13-49
67        </activity>
68        <activity
68-->src/main/AndroidManifest.xml:66:9-70:20
69            android:name="com.fgtit.access.MenuActivity"
69-->src/main/AndroidManifest.xml:67:13-57
70            android:label="@string/title_activity_menu"
70-->src/main/AndroidManifest.xml:68:13-56
71            android:screenOrientation="portrait" >
71-->src/main/AndroidManifest.xml:69:13-49
72        </activity>
73        <activity
73-->src/main/AndroidManifest.xml:71:9-75:20
74            android:name="com.fgtit.access.EmployeesActivity"
74-->src/main/AndroidManifest.xml:72:13-62
75            android:label="@string/title_activity_employees"
75-->src/main/AndroidManifest.xml:73:13-61
76            android:screenOrientation="portrait" >
76-->src/main/AndroidManifest.xml:74:13-49
77        </activity>
78        <activity
78-->src/main/AndroidManifest.xml:76:9-80:20
79            android:name="com.fgtit.access.EmployeeActivity"
79-->src/main/AndroidManifest.xml:77:13-61
80            android:label="@string/title_activity_employee"
80-->src/main/AndroidManifest.xml:78:13-60
81            android:screenOrientation="portrait" >
81-->src/main/AndroidManifest.xml:79:13-49
82        </activity>
83        <activity
83-->src/main/AndroidManifest.xml:81:9-85:20
84            android:name="com.fgtit.access.CameraExActivity"
84-->src/main/AndroidManifest.xml:82:13-61
85            android:label="@string/title_activity_capturephoto"
85-->src/main/AndroidManifest.xml:83:13-64
86            android:screenOrientation="portrait" >
86-->src/main/AndroidManifest.xml:84:13-49
87        </activity>
88        <activity
88-->src/main/AndroidManifest.xml:86:9-92:20
89            android:name="android.scanner.CaptureActivity"
89-->src/main/AndroidManifest.xml:87:13-59
90            android:configChanges="orientation|keyboardHidden"
90-->src/main/AndroidManifest.xml:88:13-63
91            android:screenOrientation="portrait"
91-->src/main/AndroidManifest.xml:89:13-49
92            android:theme="@android:style/Theme.NoTitleBar.Fullscreen"
92-->src/main/AndroidManifest.xml:90:13-71
93            android:windowSoftInputMode="stateAlwaysHidden" >
93-->src/main/AndroidManifest.xml:91:13-60
94        </activity>
95        <activity
95-->src/main/AndroidManifest.xml:93:9-98:20
96            android:name="com.fgtit.access.EnrollActivity"
96-->src/main/AndroidManifest.xml:94:13-59
97            android:label="@string/title_activity_enroluser"
97-->src/main/AndroidManifest.xml:95:13-61
98            android:screenOrientation="portrait"
98-->src/main/AndroidManifest.xml:96:13-49
99            android:windowSoftInputMode="stateUnchanged" >
99-->src/main/AndroidManifest.xml:97:13-57
100        </activity>
101        <activity
101-->src/main/AndroidManifest.xml:99:9-104:20
102            android:name="com.fgtit.access.RecordsActivity"
102-->src/main/AndroidManifest.xml:100:13-60
103            android:label="@string/title_activity_records"
103-->src/main/AndroidManifest.xml:101:13-59
104            android:screenOrientation="portrait"
104-->src/main/AndroidManifest.xml:102:13-49
105            android:windowSoftInputMode="stateUnchanged" >
105-->src/main/AndroidManifest.xml:103:13-57
106        </activity>
107        <activity
107-->src/main/AndroidManifest.xml:105:9-109:20
108            android:name="com.fgtit.access.AboutActivity"
108-->src/main/AndroidManifest.xml:106:13-58
109            android:label="@string/title_activity_about"
109-->src/main/AndroidManifest.xml:108:13-57
110            android:screenOrientation="portrait" >
110-->src/main/AndroidManifest.xml:107:13-49
111        </activity>
112        <activity
112-->src/main/AndroidManifest.xml:110:10-114:20
113            android:name="com.fgtit.access.UtilitiesActivity"
113-->src/main/AndroidManifest.xml:111:13-62
114            android:label="@string/title_activity_utilities"
114-->src/main/AndroidManifest.xml:112:13-61
115            android:screenOrientation="portrait" >
115-->src/main/AndroidManifest.xml:113:13-49
116        </activity>
117        <activity
117-->src/main/AndroidManifest.xml:115:9-119:20
118            android:name="com.fgtit.access.SystemActivity"
118-->src/main/AndroidManifest.xml:116:13-59
119            android:label="@string/title_activity_system"
119-->src/main/AndroidManifest.xml:117:13-58
120            android:screenOrientation="portrait" >
120-->src/main/AndroidManifest.xml:118:13-49
121        </activity>
122        <activity
122-->src/main/AndroidManifest.xml:120:9-124:20
123            android:name="com.fgtit.access.NetworkActivity"
123-->src/main/AndroidManifest.xml:121:13-60
124            android:label="@string/title_activity_network"
124-->src/main/AndroidManifest.xml:122:13-59
125            android:screenOrientation="portrait" >
125-->src/main/AndroidManifest.xml:123:13-49
126        </activity>
127    </application>
128
129</manifest>